#
# A fatal error has been detected by the Java Runtime Environment:
#
#  EXCEPTION_ACCESS_VIOLATION (0xc0000005) at pc=0x00000000631da510, pid=7496, tid=7528
#
# JRE version: Java(TM) SE Runtime Environment (8.0_73-b02) (build 1.8.0_73-b02)
# Java VM: Java HotSpot(TM) 64-Bit Server VM (25.73-b02 mixed mode windows-amd64 compressed oops)
# Problematic frame:
# V  [jvm.dll+0x47a510]
#
# Failed to write core dump. Minidumps are not enabled by default on client versions of Windows
#
# If you would like to submit a bug report, please visit:
#   http://bugreport.java.com/bugreport/crash.jsp
#

---------------  T H R E A D  ---------------

Current thread (0x000000005636a000):  JavaThread "C2 CompilerThread1" daemon [_thread_in_native, id=7528, stack(0x0000000058120000,0x0000000058220000)]

siginfo: ExceptionCode=0xc0000005, reading address 0xffffffffffffffff

Registers:
RAX=0x000000000000476e, RBX=0x0000000000000000, RCX=0x0000000000000000, RDX=0x006000006057a060
RSP=0x000000005821ba60, RBP=0x000000006057b140, RSI=0x0000000000000000, RDI=0x0000000000000000
R8 =0x000000006057a060, R9 =0x0000000060530050, R10=0x000000006057b190, R11=0x000000006057b140
R12=0x0000000060530050, R13=0x000000005d26cf30, R14=0x000000005d36b0a8, R15=0x0000000000000018
RIP=0x00000000631da510, EFLAGS=0x0000000000010246

Top of Stack: (sp=0x000000005821ba60)
0x000000005821ba60:   0000000000000018 0000000000000000
0x000000005821ba70:   0000000000000003 000000005d26cf30
0x000000005821ba80:   0000000000000f02 0000000059eb5e10
0x000000005821ba90:   0000000000250780 0000000059ecb760
0x000000005821baa0:   000000005d26cf30 0000000059ecb760
0x000000005821bab0:   000000005635cc40 00000000633cdb68
0x000000005821bac0:   000000005635cc40 0000000000000400
0x000000005821bad0:   000000005cf4d440 0000000000000001
0x000000005821bae0:   0000000000000001 000000005635cc40
0x000000005821baf0:   0000000000000000 000000005ceb0e00
0x000000005821bb00:   000000005635cc40 000000005821bf50
0x000000005821bb10:   0000000000000000 000000005821bc30
0x000000005821bb20:   000000005821bf70 000000006321d03f
0x000000005821bb30:   000000005821bf50 0000000000000f83
0x000000005821bb40:   0000000060530050 000000006057b140
0x000000005821bb50:   000000005ceb0e50 000000005ceb8de8 

Instructions: (pc=0x00000000631da510)
0x00000000631da4f0:   50 18 49 8b 41 20 49 89 40 20 49 8b 40 20 49 8b
0x00000000631da500:   48 18 48 8b 50 18 8b 41 08 39 42 08 48 0f 43 d1
0x00000000631da510:   8b 42 08 3b 45 08 73 03 89 45 08 ff c7 48 83 c3
0x00000000631da520:   08 41 3b 7e 18 0f 82 55 ff ff ff 8b 45 08 4d 8b 


Register to memory mapping:

RAX=0x000000000000476e is an unknown value
RBX=0x0000000000000000 is an unknown value
RCX=0x0000000000000000 is an unknown value
RDX=0x006000006057a060 is an unknown value
RSP=0x000000005821ba60 is pointing into the stack for thread: 0x000000005636a000
RBP=0x000000006057b140 is an unknown value
RSI=0x0000000000000000 is an unknown value
RDI=0x0000000000000000 is an unknown value
R8 =0x000000006057a060 is an unknown value
R9 =0x0000000060530050 is an unknown value
R10=0x000000006057b190 is an unknown value
R11=0x000000006057b140 is an unknown value
R12=0x0000000060530050 is an unknown value
R13=0x000000005d26cf30 is an unknown value
R14=0x000000005d36b0a8 is an unknown value
R15=0x0000000000000018 is an unknown value


Stack: [0x0000000058120000,0x0000000058220000],  sp=0x000000005821ba60,  free space=1006k
Native frames: (J=compiled Java code, j=interpreted, Vv=VM code, C=native code)
V  [jvm.dll+0x47a510]
V  [jvm.dll+0x4bd03f]
V  [jvm.dll+0x46ef28]
V  [jvm.dll+0x47013e]
V  [jvm.dll+0x453492]
V  [jvm.dll+0xa4932]
V  [jvm.dll+0xa526f]
V  [jvm.dll+0x243234]
V  [jvm.dll+0x29a10a]
C  [msvcr100.dll+0x21d9f]
C  [msvcr100.dll+0x21e3b]
C  [kernel32.dll+0x159cd]
C  [ntdll.dll+0x2a2e1]


Current CompileTask:
C2:   8448 5113       4       com.sun.beans.TypeResolver::resolve (37 bytes)


---------------  P R O C E S S  ---------------

Java Threads: ( => current thread )
  0x0000000059971000 JavaThread "File lock request listener" [_thread_in_native, id=7256, stack(0x000000005b5d0000,0x000000005b6d0000)]
  0x00000000596e8800 JavaThread "Stdin handler" [_thread_blocked, id=1860, stack(0x000000005adc0000,0x000000005aec0000)]
  0x00000000596e8000 JavaThread "Asynchronous log dispatcher for org.gradle.launcher.daemon.server.DefaultDaemonConnection@5ae4cb6d" [_thread_blocked, id=6416, stack(0x000000005aa80000,0x000000005ab80000)]
  0x000000005928a800 JavaThread "Daemon worker" [_thread_in_native, id=7200, stack(0x000000005abf0000,0x000000005acf0000)]
  0x00000000596ef000 JavaThread "Cancel handler" [_thread_blocked, id=7176, stack(0x000000005a980000,0x000000005aa80000)]
  0x0000000059348000 JavaThread "Handler for socket connection from /127.0.0.1:52517 to /127.0.0.1:52518" [_thread_in_native, id=5004, stack(0x000000005a790000,0x000000005a890000)]
  0x0000000059334800 JavaThread "Daemon" [_thread_blocked, id=6584, stack(0x000000005a110000,0x000000005a210000)]
  0x00000000591f4800 JavaThread "Incoming local TCP Connector on port 52517" [_thread_in_native, id=5228, stack(0x000000005a390000,0x000000005a490000)]
  0x00000000591ce800 JavaThread "pool-1-thread-1" [_thread_blocked, id=436, stack(0x000000005a210000,0x000000005a310000)]
  0x0000000057c9a000 JavaThread "Service Thread" daemon [_thread_blocked, id=6676, stack(0x00000000583c0000,0x00000000584c0000)]
  0x0000000057c85000 JavaThread "C1 CompilerThread2" daemon [_thread_blocked, id=6320, stack(0x0000000058290000,0x0000000058390000)]
=>0x000000005636a000 JavaThread "C2 CompilerThread1" daemon [_thread_in_native, id=7528, stack(0x0000000058120000,0x0000000058220000)]
  0x0000000056361800 JavaThread "C2 CompilerThread0" daemon [_thread_in_native, id=7740, stack(0x0000000057b30000,0x0000000057c30000)]
  0x000000005636f000 JavaThread "Attach Listener" daemon [_thread_blocked, id=4872, stack(0x0000000057780000,0x0000000057880000)]
  0x000000005636d800 JavaThread "Signal Dispatcher" daemon [_thread_blocked, id=4968, stack(0x0000000057a10000,0x0000000057b10000)]
  0x0000000056301800 JavaThread "Finalizer" daemon [_thread_blocked, id=5928, stack(0x00000000578b0000,0x00000000579b0000)]
  0x0000000056300000 JavaThread "Reference Handler" daemon [_thread_blocked, id=6652, stack(0x00000000575c0000,0x00000000576c0000)]
  0x00000000023af000 JavaThread "main" [_thread_blocked, id=7852, stack(0x0000000002540000,0x0000000002640000)]

Other Threads:
  0x00000000562fa800 VMThread [stack: 0x0000000057410000,0x0000000057510000] [id=6016]
  0x0000000057cb3800 WatcherThread [stack: 0x0000000058530000,0x0000000058630000] [id=2244]

VM state:not at safepoint (normal execution)

VM Mutex/Monitor currently owned by a thread: None

Heap:
 PSYoungGen      total 264192K, used 47944K [0x00000000e0000000, 0x00000000f1300000, 0x0000000100000000)
  eden space 251904K, 14% used [0x00000000e0000000,0x00000000e22da010,0x00000000ef600000)
  from space 12288K, 99% used [0x00000000f0500000,0x00000000f10f80c0,0x00000000f1100000)
  to   space 14848K, 0% used [0x00000000ef600000,0x00000000ef600000,0x00000000f0480000)
 ParOldGen       total 76800K, used 19920K [0x00000000a0000000, 0x00000000a4b00000, 0x00000000e0000000)
  object space 76800K, 25% used [0x00000000a0000000,0x00000000a1374008,0x00000000a4b00000)
 Metaspace       used 47854K, capacity 49064K, committed 49280K, reserved 1091584K
  class space    used 6622K, capacity 6922K, committed 7040K, reserved 1048576K

Card table byte_map: [0x0000000011cd0000,0x0000000011fe0000] byte_map_base: 0x00000000117d0000

Marking Bits: (ParMarkBitMap*) 0x0000000063570600
 Begin Bits: [0x0000000012670000, 0x0000000013e70000)
 End Bits:   [0x0000000013e70000, 0x0000000015670000)

Polling page: 0x0000000000150000

CodeCache: size=245760Kb used=15847Kb max_used=16501Kb free=229912Kb
 bounds [0x0000000002910000, 0x0000000003940000, 0x0000000011910000]
 total_blobs=5381 nmethods=4675 adapters=617
 compilation: enabled

Compilation events (10 events):
Event: 8.390 Thread 0x0000000056361800 5138  s    4       java.util.jar.JarFile::getInputStream (89 bytes)
Event: 8.392 Thread 0x0000000057c85000 5139       3       sun.security.util.SignatureFileVerifier::isBlockOrSF (40 bytes)
Event: 8.393 Thread 0x0000000057c85000 nmethod 5139 0x0000000003389490 code [0x0000000003389660, 0x0000000003389f98]
Event: 8.398 Thread 0x0000000057c85000 5141       3       sun.reflect.UnsafeFieldAccessorImpl::ensureObj (23 bytes)
Event: 8.399 Thread 0x0000000057c85000 nmethod 5141 0x000000000343ad90 code [0x000000000343af60, 0x000000000343b878]
Event: 8.400 Thread 0x0000000057c85000 5142   !   3       java.io.BufferedReader::readLine (304 bytes)
Event: 8.402 Thread 0x0000000057c85000 nmethod 5142 0x0000000003005d90 code [0x0000000003006020, 0x0000000003007708]
Event: 8.413 Thread 0x0000000057c85000 5147       3       groovy.lang.MetaClassImpl::filterPropertyMethod (318 bytes)
Event: 8.415 Thread 0x0000000057c85000 nmethod 5147 0x0000000002a6b310 code [0x0000000002a6b600, 0x0000000002a6d0c8]
Event: 8.424 Thread 0x0000000057c85000 5149   !   3       java.beans.WeakIdentityMap::get (278 bytes)

GC Heap History (10 events):
Event: 3.845 GC heap before
{Heap before GC invocations=6 (full 1):
 PSYoungGen      total 86528K, used 79872K [0x00000000e0000000, 0x00000000e5b00000, 0x0000000100000000)
  eden space 79872K, 100% used [0x00000000e0000000,0x00000000e4e00000,0x00000000e4e00000)
  from space 6656K, 0% used [0x00000000e5480000,0x00000000e5480000,0x00000000e5b00000)
  to   space 6656K, 0% used [0x00000000e4e00000,0x00000000e4e00000,0x00000000e5480000)
 ParOldGen       total 58368K, used 7783K [0x00000000a0000000, 0x00000000a3900000, 0x00000000e0000000)
  object space 58368K, 13% used [0x00000000a0000000,0x00000000a0799f38,0x00000000a3900000)
 Metaspace       used 27212K, capacity 27818K, committed 28160K, reserved 1073152K
  class space    used 3842K, capacity 3997K, committed 4096K, reserved 1048576K
Event: 3.856 GC heap after
Heap after GC invocations=6 (full 1):
 PSYoungGen      total 86528K, used 6627K [0x00000000e0000000, 0x00000000ea600000, 0x0000000100000000)
  eden space 79872K, 0% used [0x00000000e0000000,0x00000000e0000000,0x00000000e4e00000)
  from space 6656K, 99% used [0x00000000e4e00000,0x00000000e5478c88,0x00000000e5480000)
  to   space 11776K, 0% used [0x00000000e9a80000,0x00000000e9a80000,0x00000000ea600000)
 ParOldGen       total 58368K, used 9869K [0x00000000a0000000, 0x00000000a3900000, 0x00000000e0000000)
  object space 58368K, 16% used [0x00000000a0000000,0x00000000a09a34c0,0x00000000a3900000)
 Metaspace       used 27212K, capacity 27818K, committed 28160K, reserved 1073152K
  class space    used 3842K, capacity 3997K, committed 4096K, reserved 1048576K
}
Event: 5.144 GC heap before
{Heap before GC invocations=7 (full 1):
 PSYoungGen      total 86528K, used 86499K [0x00000000e0000000, 0x00000000ea600000, 0x0000000100000000)
  eden space 79872K, 100% used [0x00000000e0000000,0x00000000e4e00000,0x00000000e4e00000)
  from space 6656K, 99% used [0x00000000e4e00000,0x00000000e5478c88,0x00000000e5480000)
  to   space 11776K, 0% used [0x00000000e9a80000,0x00000000e9a80000,0x00000000ea600000)
 ParOldGen       total 58368K, used 9869K [0x00000000a0000000, 0x00000000a3900000, 0x00000000e0000000)
  object space 58368K, 16% used [0x00000000a0000000,0x00000000a09a34c0,0x00000000a3900000)
 Metaspace       used 32304K, capacity 32978K, committed 33408K, reserved 1077248K
  class space    used 4466K, capacity 4674K, committed 4736K, reserved 1048576K
Event: 5.193 GC heap after
Heap after GC invocations=7 (full 1):
 PSYoungGen      total 155136K, used 9709K [0x00000000e0000000, 0x00000000ea500000, 0x0000000100000000)
  eden space 144384K, 0% used [0x00000000e0000000,0x00000000e0000000,0x00000000e8d00000)
  from space 10752K, 90% used [0x00000000e9a80000,0x00000000ea3fb4f0,0x00000000ea500000)
  to   space 12288K, 0% used [0x00000000e8d00000,0x00000000e8d00000,0x00000000e9900000)
 ParOldGen       total 58368K, used 9877K [0x00000000a0000000, 0x00000000a3900000, 0x00000000e0000000)
  object space 58368K, 16% used [0x00000000a0000000,0x00000000a09a54c0,0x00000000a3900000)
 Metaspace       used 32304K, capacity 32978K, committed 33408K, reserved 1077248K
  class space    used 4466K, capacity 4674K, committed 4736K, reserved 1048576K
}
Event: 5.630 GC heap before
{Heap before GC invocations=8 (full 1):
 PSYoungGen      total 155136K, used 45697K [0x00000000e0000000, 0x00000000ea500000, 0x0000000100000000)
  eden space 144384K, 24% used [0x00000000e0000000,0x00000000e2325110,0x00000000e8d00000)
  from space 10752K, 90% used [0x00000000e9a80000,0x00000000ea3fb4f0,0x00000000ea500000)
  to   space 12288K, 0% used [0x00000000e8d00000,0x00000000e8d00000,0x00000000e9900000)
 ParOldGen       total 58368K, used 9877K [0x00000000a0000000, 0x00000000a3900000, 0x00000000e0000000)
  object space 58368K, 16% used [0x00000000a0000000,0x00000000a09a54c0,0x00000000a3900000)
 Metaspace       used 34497K, capacity 35190K, committed 35456K, reserved 1079296K
  class space    used 4743K, capacity 4936K, committed 4992K, reserved 1048576K
Event: 5.640 GC heap after
Heap after GC invocations=8 (full 1):
 PSYoungGen      total 156672K, used 9248K [0x00000000e0000000, 0x00000000f1100000, 0x0000000100000000)
  eden space 144384K, 0% used [0x00000000e0000000,0x00000000e0000000,0x00000000e8d00000)
  from space 12288K, 75% used [0x00000000e8d00000,0x00000000e9608378,0x00000000e9900000)
  to   space 12288K, 0% used [0x00000000f0500000,0x00000000f0500000,0x00000000f1100000)
 ParOldGen       total 58368K, used 9885K [0x00000000a0000000, 0x00000000a3900000, 0x00000000e0000000)
  object space 58368K, 16% used [0x00000000a0000000,0x00000000a09a74c0,0x00000000a3900000)
 Metaspace       used 34497K, capacity 35190K, committed 35456K, reserved 1079296K
  class space    used 4743K, capacity 4936K, committed 4992K, reserved 1048576K
}
Event: 5.640 GC heap before
{Heap before GC invocations=9 (full 2):
 PSYoungGen      total 156672K, used 9248K [0x00000000e0000000, 0x00000000f1100000, 0x0000000100000000)
  eden space 144384K, 0% used [0x00000000e0000000,0x00000000e0000000,0x00000000e8d00000)
  from space 12288K, 75% used [0x00000000e8d00000,0x00000000e9608378,0x00000000e9900000)
  to   space 12288K, 0% used [0x00000000f0500000,0x00000000f0500000,0x00000000f1100000)
 ParOldGen       total 58368K, used 9885K [0x00000000a0000000, 0x00000000a3900000, 0x00000000e0000000)
  object space 58368K, 16% used [0x00000000a0000000,0x00000000a09a74c0,0x00000000a3900000)
 Metaspace       used 34497K, capacity 35190K, committed 35456K, reserved 1079296K
  class space    used 4743K, capacity 4936K, committed 4992K, reserved 1048576K
Event: 5.695 GC heap after
Heap after GC invocations=9 (full 2):
 PSYoungGen      total 156672K, used 0K [0x00000000e0000000, 0x00000000f1100000, 0x0000000100000000)
  eden space 144384K, 0% used [0x00000000e0000000,0x00000000e0000000,0x00000000e8d00000)
  from space 12288K, 0% used [0x00000000e8d00000,0x00000000e8d00000,0x00000000e9900000)
  to   space 12288K, 0% used [0x00000000f0500000,0x00000000f0500000,0x00000000f1100000)
 ParOldGen       total 76800K, used 16874K [0x00000000a0000000, 0x00000000a4b00000, 0x00000000e0000000)
  object space 76800K, 21% used [0x00000000a0000000,0x00000000a107ab08,0x00000000a4b00000)
 Metaspace       used 34497K, capacity 35190K, committed 35456K, reserved 1079296K
  class space    used 4743K, capacity 4936K, committed 4992K, reserved 1048576K
}
Event: 7.920 GC heap before
{Heap before GC invocations=10 (full 2):
 PSYoungGen      total 156672K, used 144384K [0x00000000e0000000, 0x00000000f1100000, 0x0000000100000000)
  eden space 144384K, 100% used [0x00000000e0000000,0x00000000e8d00000,0x00000000e8d00000)
  from space 12288K, 0% used [0x00000000e8d00000,0x00000000e8d00000,0x00000000e9900000)
  to   space 12288K, 0% used [0x00000000f0500000,0x00000000f0500000,0x00000000f1100000)
 ParOldGen       total 76800K, used 16874K [0x00000000a0000000, 0x00000000a4b00000, 0x00000000e0000000)
  object space 76800K, 21% used [0x00000000a0000000,0x00000000a107ab08,0x00000000a4b00000)
 Metaspace       used 45080K, capacity 46282K, committed 46592K, reserved 1089536K
  class space    used 6291K, capacity 6581K, committed 6656K, reserved 1048576K
Event: 7.938 GC heap after
Heap after GC invocations=10 (full 2):
 PSYoungGen      total 264192K, used 12256K [0x00000000e0000000, 0x00000000f1300000, 0x0000000100000000)
  eden space 251904K, 0% used [0x00000000e0000000,0x00000000e0000000,0x00000000ef600000)
  from space 12288K, 99% used [0x00000000f0500000,0x00000000f10f80c0,0x00000000f1100000)
  to   space 14848K, 0% used [0x00000000ef600000,0x00000000ef600000,0x00000000f0480000)
 ParOldGen       total 76800K, used 19920K [0x00000000a0000000, 0x00000000a4b00000, 0x00000000e0000000)
  object space 76800K, 25% used [0x00000000a0000000,0x00000000a1374008,0x00000000a4b00000)
 Metaspace       used 45080K, capacity 46282K, committed 46592K, reserved 1089536K
  class space    used 6291K, capacity 6581K, committed 6656K, reserved 1048576K
}

Deoptimization events (10 events):
Event: 7.961 Thread 0x000000005928a800 Uncommon trap: reason=bimorphic action=maybe_recompile pc=0x00000000030bfb18 method=java.io.BufferedInputStream.read([BII)I @ 101
Event: 7.962 Thread 0x000000005928a800 Uncommon trap: reason=bimorphic action=maybe_recompile pc=0x00000000030bfb18 method=java.io.BufferedInputStream.read([BII)I @ 101
Event: 7.962 Thread 0x000000005928a800 Uncommon trap: reason=class_check action=maybe_recompile pc=0x00000000031354ec method=java.util.Hashtable.get(Ljava/lang/Object;)Ljava/lang/Object; @ 6
Event: 7.972 Thread 0x000000005928a800 Uncommon trap: reason=class_check action=maybe_recompile pc=0x00000000031354ec method=java.util.Hashtable.get(Ljava/lang/Object;)Ljava/lang/Object; @ 6
Event: 7.993 Thread 0x000000005928a800 Uncommon trap: reason=class_check action=maybe_recompile pc=0x00000000031354ec method=java.util.Hashtable.get(Ljava/lang/Object;)Ljava/lang/Object; @ 6
Event: 8.171 Thread 0x000000005928a800 Uncommon trap: reason=unstable_if action=reinterpret pc=0x0000000002aa9514 method=java.lang.String.replace(CC)Ljava/lang/String; @ 2
Event: 8.175 Thread 0x000000005928a800 Uncommon trap: reason=unstable_if action=reinterpret pc=0x0000000003866ddc method=groovy.lang.MetaClassImpl.checkIfStdMethod(Lgroovy/lang/MetaMethod;)V @ 79
Event: 8.175 Thread 0x000000005928a800 Uncommon trap: reason=unstable_if action=reinterpret pc=0x00000000039036d8 method=groovy.lang.MetaClassImpl.checkIfStdMethod(Lgroovy/lang/MetaMethod;)V @ 79
Event: 8.249 Thread 0x000000005928a800 Uncommon trap: reason=predicate action=maybe_recompile pc=0x0000000002c7c0e0 method=org.gradle.internal.logging.text.AbstractLineChoppingStyledTextOutput.doAppend(Ljava/lang/String;)V @ 10
Event: 8.408 Thread 0x000000005928a800 Uncommon trap: reason=unstable_if action=reinterpret pc=0x000000000383219c method=groovy.lang.MetaClassImpl.filterPropertyMethod(Ljava/lang/Object;ZZ)Ljava/lang/Object; @ 193

Internal exceptions (10 events):
Event: 8.405 Thread 0x000000005928a800 Exception <a 'java/lang/ClassNotFoundException': org/jetbrains/plugins/gradle/model/web/WebConfigurationBeanInfo> (0x00000000e1d2bb10) thrown at [D:\re\puppet\workspace\8-2-build-windows-amd64-cygwin\jdk8u73\6086\hotspot\src\share\vm\classfile\systemDictio0äå¨œ @
Event: 8.406 Thread 0x000000005928a800 Exception <a 'java/lang/ClassNotFoundException': org/jetbrains/plugins/gradle/model/web/WebConfigurationCustomizer> (0x00000000e1d38aa8) thrown at [D:\re\puppet\workspace\8-2-build-windows-amd64-cygwin\jdk8u73\6086\hotspot\src\share\vm\classfile\systemDictÅ“>>r– @
Event: 8.407 Thread 0x000000005928a800 Exception <a 'java/lang/ClassNotFoundException': java/lang/StringBeanInfo> (0x00000000e1d5dd18) thrown at [D:\re\puppet\workspace\8-2-build-windows-amd64-cygwin\jdk8u73\6086\hotspot\src\share\vm\classfile\systemDictionary.cpp, line 210]
Event: 8.407 Thread 0x000000005928a800 Exception <a 'java/lang/ClassNotFoundException': java/lang/StringCustomizer> (0x00000000e1d62cb0) thrown at [D:\re\puppet\workspace\8-2-build-windows-amd64-cygwin\jdk8u73\6086\hotspot\src\share\vm\classfile\systemDictionary.cpp, line 210]
Event: 8.412 Thread 0x000000005928a800 Exception <a 'java/lang/ClassNotFoundException': org/jetbrains/plugins/gradle/tooling/builder/EarModelBuilderImplBeanInfo> (0x00000000e1dbd018) thrown at [D:\re\puppet\workspace\8-2-build-windows-amd64-cygwin\jdk8u73\6086\hotspot\src\share\vm\classfile\sysâ/{µJ” @
Event: 8.413 Thread 0x000000005928a800 Exception <a 'java/lang/ClassNotFoundException': org/jetbrains/plugins/gradle/tooling/builder/EarModelBuilderImplCustomizer> (0x00000000e1dcadb0) thrown at [D:\re\puppet\workspace\8-2-build-windows-amd64-cygwin\jdk8u73\6086\hotspot\src\share\vm\classfile\s
Event: 8.415 Thread 0x000000005928a800 Exception <a 'java/lang/ClassNotFoundException': org/jetbrains/plugins/gradle/model/ear/EarConfigurationBeanInfo> (0x00000000e1df59b0) thrown at [D:\re\puppet\workspace\8-2-build-windows-amd64-cygwin\jdk8u73\6086\hotspot\src\share\vm\classfile\systemDictioº€që‘ @
Event: 8.415 Thread 0x000000005928a800 Exception <a 'java/lang/ClassNotFoundException': org/jetbrains/plugins/gradle/model/ear/EarConfigurationCustomizer> (0x00000000e1e02948) thrown at [D:\re\puppet\workspace\8-2-build-windows-amd64-cygwin\jdk8u73\6086\hotspot\src\share\vm\classfile\systemDictœ“R–ÄŸ @
Event: 8.425 Thread 0x000000005928a800 Exception <a 'java/lang/ClassNotFoundException': org/jetbrains/plugins/gradle/tooling/builder/ScalaModelBuilderImplBeanInfo> (0x00000000e1ed9868) thrown at [D:\re\puppet\workspace\8-2-build-windows-amd64-cygwin\jdk8u73\6086\hotspot\src\share\vm\classfile\slõÖΩæŸ @
Event: 8.425 Thread 0x000000005928a800 Exception <a 'java/lang/ClassNotFoundException': org/jetbrains/plugins/gradle/tooling/builder/ScalaModelBuilderImplCustomizer> (0x00000000e1ee7bf8) thrown at [D:\re\puppet\workspace\8-2-build-windows-amd64-cygwin\jdk8u73\6086\hotspot\src\share\vm\classfilesÛ1èœ @

Events (10 events):
Event: 8.425 loading class org/jetbrains/plugins/gradle/tooling/builder/ScalaModelBuilderImplBeanInfo
Event: 8.425 loading class org/jetbrains/plugins/gradle/tooling/builder/ScalaModelBuilderImplBeanInfo done
Event: 8.425 loading class org/jetbrains/plugins/gradle/tooling/builder/ScalaModelBuilderImplBeanInfo
Event: 8.425 loading class org/jetbrains/plugins/gradle/tooling/builder/ScalaModelBuilderImplBeanInfo done
Event: 8.425 loading class org/jetbrains/plugins/gradle/tooling/builder/ScalaModelBuilderImplCustomizer
Event: 8.425 loading class org/jetbrains/plugins/gradle/tooling/builder/ScalaModelBuilderImplCustomizer done
Event: 8.425 loading class org/jetbrains/plugins/gradle/tooling/builder/ScalaModelBuilderImplCustomizer
Event: 8.425 loading class org/jetbrains/plugins/gradle/tooling/builder/ScalaModelBuilderImplCustomizer done
Event: 8.425 loading class org/jetbrains/plugins/gradle/tooling/builder/ScalaModelBuilderImplCustomizer
Event: 8.425 loading class org/jetbrains/plugins/gradle/tooling/builder/ScalaModelBuilderImplCustomizer done


Dynamic libraries:
0x000000013f480000 - 0x000000013f4b7000 	C:\Program Files\Java\jdk1.8.0_73\bin\java.exe
0x0000000076e10000 - 0x0000000076fba000 	C:\Windows\SYSTEM32\ntdll.dll
0x0000000076cf0000 - 0x0000000076e0f000 	C:\Windows\system32\kernel32.dll
0x000007fefccd0000 - 0x000007fefcd3a000 	C:\Windows\system32\KERNELBASE.dll
0x000007fefee90000 - 0x000007fefef6b000 	C:\Windows\system32\ADVAPI32.dll
0x000007fefd2a0000 - 0x000007fefd33f000 	C:\Windows\system32\msvcrt.dll
0x000007fefd070000 - 0x000007fefd08f000 	C:\Windows\SYSTEM32\sechost.dll
0x000007fefe9a0000 - 0x000007fefeacd000 	C:\Windows\system32\RPCRT4.dll
0x0000000076bf0000 - 0x0000000076cea000 	C:\Windows\system32\USER32.dll
0x000007fefd340000 - 0x000007fefd3a7000 	C:\Windows\system32\GDI32.dll
0x000007fefcf00000 - 0x000007fefcf0e000 	C:\Windows\system32\LPK.dll
0x000007fefefb0000 - 0x000007feff07a000 	C:\Windows\system32\USP10.dll
0x000007fefac90000 - 0x000007fefae84000 	C:\Windows\WinSxS\amd64_microsoft.windows.common-controls_6595b64144ccf1df_6.0.7601.18837_none_fa3b1e3d17594757\COMCTL32.dll
0x000007fefd890000 - 0x000007fefd901000 	C:\Windows\system32\SHLWAPI.dll
0x000007fefc980000 - 0x000007fefc9d7000 	C:\Windows\system32\apphelp.dll
0x000007feecd10000 - 0x000007feecd61000 	C:\Windows\AppPatch\AppPatch64\AcGenral.DLL
0x000007fefc950000 - 0x000007fefc975000 	C:\Windows\system32\SspiCli.dll
0x000007fefd090000 - 0x000007fefd293000 	C:\Windows\system32\ole32.dll
0x000007fefdc10000 - 0x000007fefe99a000 	C:\Windows\system32\SHELL32.dll
0x0000000073540000 - 0x0000000073543000 	C:\Windows\system32\sfc.dll
0x000007fef6400000 - 0x000007fef6410000 	C:\Windows\system32\sfc_os.DLL
0x000007fefceb0000 - 0x000007fefcece000 	C:\Windows\system32\USERENV.dll
0x000007fefcb50000 - 0x000007fefcb5f000 	C:\Windows\system32\profapi.dll
0x000007fefa2b0000 - 0x000007fefa2c8000 	C:\Windows\system32\dwmapi.dll
0x000007fef4f20000 - 0x000007fef4f38000 	C:\Windows\system32\MPR.dll
0x000007fefef70000 - 0x000007fefef9e000 	C:\Windows\system32\IMM32.DLL
0x000007fefcf60000 - 0x000007fefd069000 	C:\Windows\system32\MSCTF.dll
0x000000006fe50000 - 0x000000006ff22000 	C:\Program Files\Java\jdk1.8.0_73\jre\bin\msvcr100.dll
0x0000000062d60000 - 0x00000000635f0000 	C:\Program Files\Java\jdk1.8.0_73\jre\bin\server\jvm.dll
0x000007fefa130000 - 0x000007fefa139000 	C:\Windows\system32\WSOCK32.dll
0x000007fefcf10000 - 0x000007fefcf5d000 	C:\Windows\system32\WS2_32.dll
0x000007fefefa0000 - 0x000007fefefa8000 	C:\Windows\system32\NSI.dll
0x000007fefa3e0000 - 0x000007fefa41b000 	C:\Windows\system32\WINMM.dll
0x000007fefbbe0000 - 0x000007fefbbec000 	C:\Windows\system32\VERSION.dll
0x0000000076fe0000 - 0x0000000076fe7000 	C:\Windows\system32\PSAPI.DLL
0x0000000072c80000 - 0x0000000072c8f000 	C:\Program Files\Java\jdk1.8.0_73\jre\bin\verify.dll
0x0000000072c50000 - 0x0000000072c79000 	C:\Program Files\Java\jdk1.8.0_73\jre\bin\java.dll
0x0000000072c30000 - 0x0000000072c46000 	C:\Program Files\Java\jdk1.8.0_73\jre\bin\zip.dll
0x0000000072bf0000 - 0x0000000072c0a000 	C:\Program Files\Java\jdk1.8.0_73\jre\bin\net.dll
0x000007fefc320000 - 0x000007fefc375000 	C:\Windows\system32\mswsock.dll
0x000007fefc310000 - 0x000007fefc317000 	C:\Windows\System32\wship6.dll
0x0000000072c10000 - 0x0000000072c21000 	C:\Program Files\Java\jdk1.8.0_73\jre\bin\nio.dll
0x000007fef3770000 - 0x000007fef3782000 	C:\Users\Matt Bird\.gradle\native\19\windows-amd64\native-platform.dll
0x000007fefc380000 - 0x000007fefc398000 	C:\Windows\system32\CRYPTSP.dll
0x000007fefc080000 - 0x000007fefc0c7000 	C:\Windows\system32\rsaenh.dll
0x000007fefc9e0000 - 0x000007fefc9ef000 	C:\Windows\system32\CRYPTBASE.dll
0x000007fefa100000 - 0x000007fefa127000 	C:\Windows\system32\IPHLPAPI.DLL
0x000007fefa0f0000 - 0x000007fefa0fb000 	C:\Windows\system32\WINNSI.DLL
0x000007fef91a0000 - 0x000007fef91b8000 	C:\Windows\system32\dhcpcsvc.DLL
0x000007fef9180000 - 0x000007fef9191000 	C:\Windows\system32\dhcpcsvc6.DLL
0x0000000072bd0000 - 0x0000000072bdd000 	C:\Program Files\Java\jdk1.8.0_73\jre\bin\management.dll
0x000007fefa180000 - 0x000007fefa2a5000 	C:\Windows\system32\dbghelp.dll

VM Arguments:
jvm_args: -Xmx1536m -Dfile.encoding=windows-1252 -Duser.country=NZ -Duser.language=en -Duser.variant 
java_command: org.gradle.launcher.daemon.bootstrap.GradleDaemon 2.14.1
java_class_path (initial): C:\Program Files\Android\Android Studio\gradle\gradle-2.14.1\lib\gradle-launcher-2.14.1.jar
Launcher Type: SUN_STANDARD

Environment Variables:
JAVA_HOME=C:\Program Files\Java\jdk1.8.0_91
PATH=C:\ProgramData\Oracle\Java\javapath;C:\Program Files\Common Files\Microsoft Shared\Windows Live;C:\Program Files (x86)\Common Files\Microsoft Shared\Windows Live;C:\python27_x64\;C:\python27_x64\Scripts;C:\Windows\system32;C:\Windows;C:\Windows\System32\Wbem;C:\Windows\System32\WindowsPowerShell\v1.0\;C:\Program Files\Intel\WiFi\bin\;C:\Program Files\Common Files\Intel\WirelessCommon\;C:\Program Files (x86)\Intel\OpenCL SDK\3.0\bin\x86;C:\Program Files (x86)\Intel\OpenCL SDK\3.0\bin\x64;C:\Program Files (x86)\Google\Cloud SDK\google-cloud-sdk\bin;C:\Program Files (x86)\Autodesk\Backburner\;C:\Program Files (x86)\Windows Live\Shared;C:\Program Files (x86)\Windows Kits\8.1\Windows Performance Toolkit\;C:\Program Files\nodejs\;C:\Matt\Programs\Code\AndroidSDK\platform-tools\;C:\Program Files (x86)\Skype\Phone\;C:\Program Files\Intel\WiFi\bin\;C:\Program Files\Common Files\Intel\WirelessCommon\;C:\Users\Matt Bird\AppData\Roaming\npm
USERNAME=Matt Bird
OS=Windows_NT
PROCESSOR_IDENTIFIER=Intel64 Family 6 Model 58 Stepping 9, GenuineIntel



---------------  S Y S T E M  ---------------

OS: Windows 7 , 64 bit Build 7601 (6.1.7601.23539)

CPU:total 4 (2 cores per cpu, 2 threads per core) family 6 model 58 stepping 9, cmov, cx8, fxsr, mmx, sse, sse2, sse3, ssse3, sse4.1, sse4.2, popcnt, avx, aes, clmul, erms, ht, tsc, tscinvbit, tscinv

Memory: 4k page, physical 10203112k(5100224k free), swap 11986732k(6509096k free)

vm_info: Java HotSpot(TM) 64-Bit Server VM (25.73-b02) for windows-amd64 JRE (1.8.0_73-b02), built on Jan 29 2016 17:38:49 by "java_re" with MS VC++ 10.0 (VS2010)

time: Tue Feb 07 09:34:53 2017
elapsed time: 8 seconds (0d 0h 0m 8s)

