#
# A fatal error has been detected by the Java Runtime Environment:
#
#  EXCEPTION_ACCESS_VIOLATION (0xc0000005) at pc=0x0000000071ec6200, pid=6372, tid=2756
#
# JRE version: Java(TM) SE Runtime Environment (8.0_73-b02) (build 1.8.0_73-b02)
# Java VM: Java HotSpot(TM) 64-Bit Server VM (25.73-b02 mixed mode windows-amd64 compressed oops)
# Problematic frame:
# V  [jvm.dll+0x496200]
#
# Failed to write core dump. Minidumps are not enabled by default on client versions of Windows
#
# If you would like to submit a bug report, please visit:
#   http://bugreport.java.com/bugreport/crash.jsp
#

---------------  T H R E A D  ---------------

Current thread (0x00000000564d3800):  JavaThread "C2 CompilerThread0" daemon [_thread_in_native, id=2756, stack(0x0000000057d20000,0x0000000057e20000)]

siginfo: ExceptionCode=0xc0000005, reading address 0xffffffffffffffff

Registers:
RAX=0x00fe00005c0e8b60, RBX=0x000000005c0e8b50, RCX=0x0000000000000009, RDX=0x0000000000000001
RSP=0x0000000057e1c000, RBP=0x000000000000097d, RSI=0x0000000057e1c100, RDI=0x000000000000097d
R8 =0x0000000000000000, R9 =0x000000000000052f, R10=0x0000000071a30000, R11=0x0000000057e1bef0
R12=0x0000000072240d38, R13=0x0000000071a30000, R14=0x00000000615aa838, R15=0x00000000000003d8
RIP=0x0000000071ec6200, EFLAGS=0x0000000000010206

Top of Stack: (sp=0x0000000057e1c000)
0x0000000057e1c000:   000000005c0dedd0 000000005c0dedd0
0x0000000057e1c010:   000000000000097d 0000000057e1c100
0x0000000057e1c020:   0000053400000000 0000000000000002
0x0000000057e1c030:   000000005bef8a80 0000000000000006
0x0000000057e1c040:   000000005c113c20 000000000000000f
0x0000000057e1c050:   000000005c113c10 0000000057e1c3f0
0x0000000057e1c060:   00000000615aa460 0000000057e1c3f0
0x0000000057e1c070:   00000000615aa450 0000000071e92c36
0x0000000057e1c080:   0000000057e1c500 0000000057e1c180
0x0000000057e1c090:   0000000000000000 0000000000000006
0x0000000057e1c0a0:   0000000000000002 00000000615aa450
0x0000000057e1c0b0:   000000005bdffe10 000000005be03de0
0x0000000057e1c0c0:   000000005be07df8 0000000000192ce8
0x0000000057e1c0d0:   0000000000000002 000000005b65ec30
0x0000000057e1c0e0:   000000005b65ec30 000000005b65ec40
0x0000000057e1c0f0:   000000005b65f018 00000000000003d8 

Instructions: (pc=0x0000000071ec6200)
0x0000000071ec61e0:   c0 74 68 8b c0 48 8d 1c 80 48 c1 e3 05 48 03 5e
0x0000000071ec61f0:   10 85 ff 74 93 48 8b 43 08 48 8b cd 48 c1 e9 08
0x0000000071ec6200:   4c 8b 0c c8 4d 3b cc 75 0d 8b d7 48 8b cb e8 bd
0x0000000071ec6210:   4a 00 00 4c 8b c8 8b d7 8b cf 41 b8 01 00 00 00 


Register to memory mapping:

RAX=0x00fe00005c0e8b60 is an unknown value
RBX=0x000000005c0e8b50 is an unknown value
RCX=0x0000000000000009 is an unknown value
RDX=0x0000000000000001 is an unknown value
RSP=0x0000000057e1c000 is pointing into the stack for thread: 0x00000000564d3800
RBP=0x000000000000097d is an unknown value
RSI=0x0000000057e1c100 is pointing into the stack for thread: 0x00000000564d3800
RDI=0x000000000000097d is an unknown value
R8 =0x0000000000000000 is an unknown value
R9 =0x000000000000052f is an unknown value
R10=0x0000000071a30000 is an unknown value
R11=0x0000000057e1bef0 is pointing into the stack for thread: 0x00000000564d3800
R12=0x0000000072240d38 is an unknown value
R13=0x0000000071a30000 is an unknown value
R14=0x00000000615aa838 is an unknown value
R15=0x00000000000003d8 is an unknown value


Stack: [0x0000000057d20000,0x0000000057e20000],  sp=0x0000000057e1c000,  free space=1008k
Native frames: (J=compiled Java code, j=interpreted, Vv=VM code, C=native code)
V  [jvm.dll+0x496200]
V  [jvm.dll+0x462c36]
V  [jvm.dll+0x46dbbb]
V  [jvm.dll+0x4701d2]
V  [jvm.dll+0x453492]
V  [jvm.dll+0xa4932]
V  [jvm.dll+0xa526f]
V  [jvm.dll+0x243234]
V  [jvm.dll+0x29a10a]
C  [msvcr100.dll+0x21d9f]
C  [msvcr100.dll+0x21e3b]
C  [kernel32.dll+0x159cd]
C  [ntdll.dll+0x2a2e1]


Current CompileTask:
C2:1036052 13759       4       com.sun.tools.javac.jvm.ClassReader::includeClassFile (294 bytes)


---------------  P R O C E S S  ---------------

Java Threads: ( => current thread )
  0x000000005eab9000 JavaThread "Stdin handler" [_thread_blocked, id=2124, stack(0x000000005ac50000,0x000000005ad50000)]
  0x000000005eab2000 JavaThread "Asynchronous log dispatcher for org.gradle.launcher.daemon.server.DefaultDaemonConnection@59a09c66" [_thread_blocked, id=2620, stack(0x000000005df80000,0x000000005e080000)]
  0x000000005eaaf000 JavaThread "Daemon worker Thread 6" [_thread_in_native, id=2276, stack(0x000000005ab50000,0x000000005ac50000)]
  0x000000005eaae800 JavaThread "Cancel handler" [_thread_blocked, id=7156, stack(0x000000005a1d0000,0x000000005a2d0000)]
  0x000000005eab0000 JavaThread "Handler for socket connection from /127.0.0.1:51288 to /127.0.0.1:56766" [_thread_in_native, id=4612, stack(0x000000005a900000,0x000000005aa00000)]
  0x000000005eaad800 JavaThread "Daemon Thread 6" [_thread_blocked, id=7160, stack(0x0000000059050000,0x0000000059150000)]
  0x000000005eab5000 JavaThread "pool-10-thread-4" [_thread_blocked, id=5076, stack(0x00000000636c0000,0x00000000637c0000)]
  0x000000005eab6000 JavaThread "pool-10-thread-3" [_thread_blocked, id=4172, stack(0x000000005a3e0000,0x000000005a4e0000)]
  0x000000005eab3800 JavaThread "pool-10-thread-2" [_thread_blocked, id=856, stack(0x0000000063550000,0x0000000063650000)]
  0x000000005eab4800 JavaThread "pool-10-thread-1" [_thread_blocked, id=7068, stack(0x0000000062e70000,0x0000000062f70000)]
  0x000000005eaad000 JavaThread "File lock request listener" [_thread_in_native, id=120, stack(0x000000005da80000,0x000000005db80000)]
  0x0000000059562000 JavaThread "Incoming local TCP Connector on port 51288" [_thread_in_native, id=948, stack(0x000000005a4f0000,0x000000005a5f0000)]
  0x0000000059573800 JavaThread "pool-1-thread-1" [_thread_blocked, id=7880, stack(0x000000005a2d0000,0x000000005a3d0000)]
  0x0000000058104800 JavaThread "Service Thread" daemon [_thread_blocked, id=4188, stack(0x0000000058590000,0x0000000058690000)]
  0x00000000564dc000 JavaThread "C1 CompilerThread2" daemon [_thread_blocked, id=8100, stack(0x0000000057f90000,0x0000000058090000)]
  0x00000000564db000 JavaThread "C2 CompilerThread1" daemon [_thread_in_native, id=7404, stack(0x0000000057e30000,0x0000000057f30000)]
=>0x00000000564d3800 JavaThread "C2 CompilerThread0" daemon [_thread_in_native, id=2756, stack(0x0000000057d20000,0x0000000057e20000)]
  0x00000000564d0000 JavaThread "Attach Listener" daemon [_thread_blocked, id=8104, stack(0x0000000057bc0000,0x0000000057cc0000)]
  0x00000000564da000 JavaThread "Signal Dispatcher" daemon [_thread_blocked, id=7852, stack(0x0000000057a70000,0x0000000057b70000)]
  0x0000000056471000 JavaThread "Finalizer" daemon [_thread_blocked, id=7196, stack(0x0000000057890000,0x0000000057990000)]
  0x0000000056470000 JavaThread "Reference Handler" daemon [_thread_blocked, id=1176, stack(0x0000000057770000,0x0000000057870000)]
  0x00000000022ff000 JavaThread "main" [_thread_blocked, id=6392, stack(0x00000000024c0000,0x00000000025c0000)]

Other Threads:
  0x000000005646a800 VMThread [stack: 0x00000000575f0000,0x00000000576f0000] [id=8080]
  0x0000000058127000 WatcherThread [stack: 0x0000000058750000,0x0000000058850000] [id=8116]

VM state:not at safepoint (normal execution)

VM Mutex/Monitor currently owned by a thread: None

Heap:
 PSYoungGen      total 365568K, used 158323K [0x00000000e0000000, 0x00000000fb180000, 0x0000000100000000)
  eden space 364032K, 43% used [0x00000000e0000000,0x00000000e9a9ccf8,0x00000000f6380000)
  from space 1536K, 0% used [0x00000000fb000000,0x00000000fb000000,0x00000000fb180000)
  to   space 22528K, 0% used [0x00000000f8580000,0x00000000f8580000,0x00000000f9b80000)
 ParOldGen       total 104448K, used 48600K [0x00000000a0000000, 0x00000000a6600000, 0x00000000e0000000)
  object space 104448K, 46% used [0x00000000a0000000,0x00000000a2f76088,0x00000000a6600000)
 Metaspace       used 67992K, capacity 70966K, committed 71168K, reserved 1110016K
  class space    used 9062K, capacity 9672K, committed 9728K, reserved 1048576K

Card table byte_map: [0x0000000011c50000,0x0000000011f60000] byte_map_base: 0x0000000011750000

Marking Bits: (ParMarkBitMap*) 0x0000000072240600
 Begin Bits: [0x00000000127e0000, 0x0000000013fe0000)
 End Bits:   [0x0000000013fe0000, 0x00000000157e0000)

Polling page: 0x0000000000440000

CodeCache: size=245760Kb used=39547Kb max_used=39547Kb free=206212Kb
 bounds [0x0000000002890000, 0x0000000004f60000, 0x0000000011890000]
 total_blobs=12404 nmethods=11656 adapters=658
 compilation: enabled

Compilation events (10 events):
Event: 1035.937 Thread 0x00000000564dc000 nmethod 13844 0x0000000004f49990 code [0x0000000004f49ae0, 0x0000000004f49c70]
Event: 1035.937 Thread 0x00000000564dc000 13846       3       com.android.dx.cf.code.ByteBlockList::labelToBlock (46 bytes)
Event: 1035.938 Thread 0x00000000564dc000 nmethod 13846 0x0000000004f49d10 code [0x0000000004f49f40, 0x0000000004f4ac48]
Event: 1035.938 Thread 0x00000000564dc000 13852       3       com.android.dx.rop.code.RegisterSpec::getBasicType (10 bytes)
Event: 1035.938 Thread 0x00000000564dc000 nmethod 13852 0x0000000004f4b150 code [0x0000000004f4b2c0, 0x0000000004f4b4e8]
Event: 1035.938 Thread 0x00000000564dc000 13853       3       com.android.dx.rop.type.Type::getFrameType (5 bytes)
Event: 1035.938 Thread 0x00000000564dc000 nmethod 13853 0x0000000004f4b590 code [0x0000000004f4b700, 0x0000000004f4b908]
Event: 1035.938 Thread 0x00000000564dc000 13845       3       com.android.dx.cf.code.Ropper::addOrReplaceBlock (66 bytes)
Event: 1035.940 Thread 0x00000000564dc000 nmethod 13845 0x0000000004f4b990 code [0x0000000004f4bbe0, 0x0000000004f4caf8]
Event: 1035.940 Thread 0x00000000564dc000 13855       3       com.android.dx.ssa.SsaMethod::forEachBlockDepthFirst (194 bytes)

GC Heap History (10 events):
Event: 487.926 GC heap before
{Heap before GC invocations=17 (full 5):
 PSYoungGen      total 300032K, used 278528K [0x00000000e0000000, 0x00000000fdb80000, 0x0000000100000000)
  eden space 278528K, 100% used [0x00000000e0000000,0x00000000f1000000,0x00000000f1000000)
  from space 21504K, 0% used [0x00000000f1000000,0x00000000f1000000,0x00000000f2500000)
  to   space 22528K, 0% used [0x00000000fc580000,0x00000000fc580000,0x00000000fdb80000)
 ParOldGen       total 104448K, used 47100K [0x00000000a0000000, 0x00000000a6600000, 0x00000000e0000000)
  object space 104448K, 45% used [0x00000000a0000000,0x00000000a2dff070,0x00000000a6600000)
 Metaspace       used 66893K, capacity 69732K, committed 69760K, reserved 1110016K
  class space    used 9022K, capacity 9593K, committed 9600K, reserved 1048576K
Event: 487.940 GC heap after
Heap after GC invocations=17 (full 5):
 PSYoungGen      total 369152K, used 5055K [0x00000000e0000000, 0x00000000fca80000, 0x0000000100000000)
  eden space 364032K, 0% used [0x00000000e0000000,0x00000000e0000000,0x00000000f6380000)
  from space 5120K, 98% used [0x00000000fc580000,0x00000000fca6fc80,0x00000000fca80000)
  to   space 22016K, 0% used [0x00000000f9f80000,0x00000000f9f80000,0x00000000fb500000)
 ParOldGen       total 104448K, used 47108K [0x00000000a0000000, 0x00000000a6600000, 0x00000000e0000000)
  object space 104448K, 45% used [0x00000000a0000000,0x00000000a2e01070,0x00000000a6600000)
 Metaspace       used 66893K, capacity 69732K, committed 69760K, reserved 1110016K
  class space    used 9022K, capacity 9593K, committed 9600K, reserved 1048576K
}
Event: 488.001 GC heap before
{Heap before GC invocations=18 (full 5):
 PSYoungGen      total 369152K, used 14817K [0x00000000e0000000, 0x00000000fca80000, 0x0000000100000000)
  eden space 364032K, 2% used [0x00000000e0000000,0x00000000e09889c8,0x00000000f6380000)
  from space 5120K, 98% used [0x00000000fc580000,0x00000000fca6fc80,0x00000000fca80000)
  to   space 22016K, 0% used [0x00000000f9f80000,0x00000000f9f80000,0x00000000fb500000)
 ParOldGen       total 104448K, used 47108K [0x00000000a0000000, 0x00000000a6600000, 0x00000000e0000000)
  object space 104448K, 45% used [0x00000000a0000000,0x00000000a2e01070,0x00000000a6600000)
 Metaspace       used 66898K, capacity 69732K, committed 69760K, reserved 1110016K
  class space    used 9022K, capacity 9593K, committed 9600K, reserved 1048576K
Event: 488.006 GC heap after
Heap after GC invocations=18 (full 5):
 PSYoungGen      total 364544K, used 160K [0x00000000e0000000, 0x00000000fc600000, 0x0000000100000000)
  eden space 364032K, 0% used [0x00000000e0000000,0x00000000e0000000,0x00000000f6380000)
  from space 512K, 31% used [0x00000000f9f80000,0x00000000f9fa8000,0x00000000fa000000)
  to   space 22528K, 0% used [0x00000000fb000000,0x00000000fb000000,0x00000000fc600000)
 ParOldGen       total 104448K, used 47776K [0x00000000a0000000, 0x00000000a6600000, 0x00000000e0000000)
  object space 104448K, 45% used [0x00000000a0000000,0x00000000a2ea8100,0x00000000a6600000)
 Metaspace       used 66898K, capacity 69732K, committed 69760K, reserved 1110016K
  class space    used 9022K, capacity 9593K, committed 9600K, reserved 1048576K
}
Event: 488.006 GC heap before
{Heap before GC invocations=19 (full 6):
 PSYoungGen      total 364544K, used 160K [0x00000000e0000000, 0x00000000fc600000, 0x0000000100000000)
  eden space 364032K, 0% used [0x00000000e0000000,0x00000000e0000000,0x00000000f6380000)
  from space 512K, 31% used [0x00000000f9f80000,0x00000000f9fa8000,0x00000000fa000000)
  to   space 22528K, 0% used [0x00000000fb000000,0x00000000fb000000,0x00000000fc600000)
 ParOldGen       total 104448K, used 47776K [0x00000000a0000000, 0x00000000a6600000, 0x00000000e0000000)
  object space 104448K, 45% used [0x00000000a0000000,0x00000000a2ea8100,0x00000000a6600000)
 Metaspace       used 66898K, capacity 69732K, committed 69760K, reserved 1110016K
  class space    used 9022K, capacity 9593K, committed 9600K, reserved 1048576K
Event: 488.635 GC heap after
Heap after GC invocations=19 (full 6):
 PSYoungGen      total 364544K, used 0K [0x00000000e0000000, 0x00000000fc600000, 0x0000000100000000)
  eden space 364032K, 0% used [0x00000000e0000000,0x00000000e0000000,0x00000000f6380000)
  from space 512K, 0% used [0x00000000f9f80000,0x00000000f9f80000,0x00000000fa000000)
  to   space 22528K, 0% used [0x00000000fb000000,0x00000000fb000000,0x00000000fc600000)
 ParOldGen       total 104448K, used 47454K [0x00000000a0000000, 0x00000000a6600000, 0x00000000e0000000)
  object space 104448K, 45% used [0x00000000a0000000,0x00000000a2e57bd0,0x00000000a6600000)
 Metaspace       used 66898K, capacity 69732K, committed 69760K, reserved 1110016K
  class space    used 9022K, capacity 9593K, committed 9600K, reserved 1048576K
}
Event: 644.437 GC heap before
{Heap before GC invocations=20 (full 6):
 PSYoungGen      total 364544K, used 247961K [0x00000000e0000000, 0x00000000fc600000, 0x0000000100000000)
  eden space 364032K, 68% used [0x00000000e0000000,0x00000000ef226748,0x00000000f6380000)
  from space 512K, 0% used [0x00000000f9f80000,0x00000000f9f80000,0x00000000fa000000)
  to   space 22528K, 0% used [0x00000000fb000000,0x00000000fb000000,0x00000000fc600000)
 ParOldGen       total 104448K, used 47454K [0x00000000a0000000, 0x00000000a6600000, 0x00000000e0000000)
  object space 104448K, 45% used [0x00000000a0000000,0x00000000a2e57bd0,0x00000000a6600000)
 Metaspace       used 67640K, capacity 70694K, committed 70912K, reserved 1110016K
  class space    used 9059K, capacity 9670K, committed 9728K, reserved 1048576K
Event: 644.441 GC heap after
Heap after GC invocations=20 (full 6):
 PSYoungGen      total 365568K, used 1478K [0x00000000e0000000, 0x00000000fb180000, 0x0000000100000000)
  eden space 364032K, 0% used [0x00000000e0000000,0x00000000e0000000,0x00000000f6380000)
  from space 1536K, 96% used [0x00000000fb000000,0x00000000fb171a80,0x00000000fb180000)
  to   space 22528K, 0% used [0x00000000f8580000,0x00000000f8580000,0x00000000f9b80000)
 ParOldGen       total 104448K, used 47462K [0x00000000a0000000, 0x00000000a6600000, 0x00000000e0000000)
  object space 104448K, 45% used [0x00000000a0000000,0x00000000a2e59bd0,0x00000000a6600000)
 Metaspace       used 67640K, capacity 70694K, committed 70912K, reserved 1110016K
  class space    used 9059K, capacity 9670K, committed 9728K, reserved 1048576K
}
Event: 644.441 GC heap before
{Heap before GC invocations=21 (full 7):
 PSYoungGen      total 365568K, used 1478K [0x00000000e0000000, 0x00000000fb180000, 0x0000000100000000)
  eden space 364032K, 0% used [0x00000000e0000000,0x00000000e0000000,0x00000000f6380000)
  from space 1536K, 96% used [0x00000000fb000000,0x00000000fb171a80,0x00000000fb180000)
  to   space 22528K, 0% used [0x00000000f8580000,0x00000000f8580000,0x00000000f9b80000)
 ParOldGen       total 104448K, used 47462K [0x00000000a0000000, 0x00000000a6600000, 0x00000000e0000000)
  object space 104448K, 45% used [0x00000000a0000000,0x00000000a2e59bd0,0x00000000a6600000)
 Metaspace       used 67640K, capacity 70694K, committed 70912K, reserved 1110016K
  class space    used 9059K, capacity 9670K, committed 9728K, reserved 1048576K
Event: 644.760 GC heap after
Heap after GC invocations=21 (full 7):
 PSYoungGen      total 365568K, used 0K [0x00000000e0000000, 0x00000000fb180000, 0x0000000100000000)
  eden space 364032K, 0% used [0x00000000e0000000,0x00000000e0000000,0x00000000f6380000)
  from space 1536K, 0% used [0x00000000fb000000,0x00000000fb000000,0x00000000fb180000)
  to   space 22528K, 0% used [0x00000000f8580000,0x00000000f8580000,0x00000000f9b80000)
 ParOldGen       total 104448K, used 48600K [0x00000000a0000000, 0x00000000a6600000, 0x00000000e0000000)
  object space 104448K, 46% used [0x00000000a0000000,0x00000000a2f76088,0x00000000a6600000)
 Metaspace       used 67640K, capacity 70694K, committed 70912K, reserved 1110016K
  class space    used 9059K, capacity 9670K, committed 9728K, reserved 1048576K
}

Deoptimization events (10 events):
Event: 643.780 Thread 0x000000005eab0000 Uncommon trap: reason=bimorphic action=maybe_recompile pc=0x00000000048691e8 method=com.sun.tools.javac.code.Types.memberType(Lcom/sun/tools/javac/code/Type;Lcom/sun/tools/javac/code/Symbol;)Lcom/sun/tools/javac/code/Type; @ 1
Event: 643.781 Thread 0x000000005eab0000 Uncommon trap: reason=bimorphic action=maybe_recompile pc=0x00000000048691e8 method=com.sun.tools.javac.code.Types.memberType(Lcom/sun/tools/javac/code/Type;Lcom/sun/tools/javac/code/Symbol;)Lcom/sun/tools/javac/code/Type; @ 1
Event: 643.781 Thread 0x000000005eab0000 Uncommon trap: reason=bimorphic action=maybe_recompile pc=0x00000000048691e8 method=com.sun.tools.javac.code.Types.memberType(Lcom/sun/tools/javac/code/Type;Lcom/sun/tools/javac/code/Symbol;)Lcom/sun/tools/javac/code/Type; @ 1
Event: 643.781 Thread 0x000000005eab0000 Uncommon trap: reason=bimorphic action=maybe_recompile pc=0x00000000048691e8 method=com.sun.tools.javac.code.Types.memberType(Lcom/sun/tools/javac/code/Type;Lcom/sun/tools/javac/code/Symbol;)Lcom/sun/tools/javac/code/Type; @ 1
Event: 644.028 Thread 0x000000005eab7800 Uncommon trap: reason=class_check action=maybe_recompile pc=0x0000000004aecfb8 method=com.android.dx.ssa.SsaBasicBlock.forEachInsn(Lcom/android/dx/ssa/SsaInsn$Visitor;)V @ 23
Event: 644.028 Thread 0x000000005eab7800 Uncommon trap: reason=class_check action=maybe_recompile pc=0x0000000004aecfb8 method=com.android.dx.ssa.SsaBasicBlock.forEachInsn(Lcom/android/dx/ssa/SsaInsn$Visitor;)V @ 23
Event: 644.028 Thread 0x000000005eab7800 Uncommon trap: reason=class_check action=maybe_recompile pc=0x0000000004aecfb8 method=com.android.dx.ssa.SsaBasicBlock.forEachInsn(Lcom/android/dx/ssa/SsaInsn$Visitor;)V @ 23
Event: 644.029 Thread 0x000000005eab7800 Uncommon trap: reason=class_check action=maybe_recompile pc=0x0000000004aecfb8 method=com.android.dx.ssa.SsaBasicBlock.forEachInsn(Lcom/android/dx/ssa/SsaInsn$Visitor;)V @ 23
Event: 697.046 Thread 0x000000005eab0000 Uncommon trap: reason=unstable_if action=reinterpret pc=0x0000000004c5fe50 method=java.util.Vector.isEmpty()Z @ 4
Event: 1035.585 Thread 0x000000005eaaf000 Uncommon trap: reason=unstable_if action=reinterpret pc=0x0000000004e7325c method=com.sun.org.apache.xml.internal.dtm.ref.dom2dtm.DOM2DTM.nextNode()Z @ 230

Internal exceptions (10 events):
Event: 1035.208 Thread 0x000000005eaaf000 Exception <a 'sun/nio/fs/WindowsException'> (0x00000000e796a380) thrown at [D:\re\puppet\workspace\8-2-build-windows-amd64-cygwin\jdk8u73\6086\hotspot\src\share\vm\prims\jni.cpp, line 709]
Event: 1035.208 Thread 0x000000005eaaf000 Exception <a 'sun/nio/fs/WindowsException'> (0x00000000e796ae28) thrown at [D:\re\puppet\workspace\8-2-build-windows-amd64-cygwin\jdk8u73\6086\hotspot\src\share\vm\prims\jni.cpp, line 709]
Event: 1035.209 Thread 0x000000005eaaf000 Exception <a 'sun/nio/fs/WindowsException'> (0x00000000e796d2d0) thrown at [D:\re\puppet\workspace\8-2-build-windows-amd64-cygwin\jdk8u73\6086\hotspot\src\share\vm\prims\jni.cpp, line 709]
Event: 1035.209 Thread 0x000000005eaaf000 Exception <a 'sun/nio/fs/WindowsException'> (0x00000000e796ddb0) thrown at [D:\re\puppet\workspace\8-2-build-windows-amd64-cygwin\jdk8u73\6086\hotspot\src\share\vm\prims\jni.cpp, line 709]
Event: 1035.209 Thread 0x000000005eaaf000 Exception <a 'sun/nio/fs/WindowsException'> (0x00000000e796f8d8) thrown at [D:\re\puppet\workspace\8-2-build-windows-amd64-cygwin\jdk8u73\6086\hotspot\src\share\vm\prims\jni.cpp, line 709]
Event: 1035.209 Thread 0x000000005eaaf000 Exception <a 'sun/nio/fs/WindowsException'> (0x00000000e79703f0) thrown at [D:\re\puppet\workspace\8-2-build-windows-amd64-cygwin\jdk8u73\6086\hotspot\src\share\vm\prims\jni.cpp, line 709]
Event: 1035.209 Thread 0x000000005eaaf000 Exception <a 'sun/nio/fs/WindowsException'> (0x00000000e7972b50) thrown at [D:\re\puppet\workspace\8-2-build-windows-amd64-cygwin\jdk8u73\6086\hotspot\src\share\vm\prims\jni.cpp, line 709]
Event: 1035.209 Thread 0x000000005eaaf000 Exception <a 'sun/nio/fs/WindowsException'> (0x00000000e79736a8) thrown at [D:\re\puppet\workspace\8-2-build-windows-amd64-cygwin\jdk8u73\6086\hotspot\src\share\vm\prims\jni.cpp, line 709]
Event: 1035.209 Thread 0x000000005eaaf000 Exception <a 'sun/nio/fs/WindowsException'> (0x00000000e7975248) thrown at [D:\re\puppet\workspace\8-2-build-windows-amd64-cygwin\jdk8u73\6086\hotspot\src\share\vm\prims\jni.cpp, line 709]
Event: 1035.209 Thread 0x000000005eaaf000 Exception <a 'sun/nio/fs/WindowsException'> (0x00000000e7975dd8) thrown at [D:\re\puppet\workspace\8-2-build-windows-amd64-cygwin\jdk8u73\6086\hotspot\src\share\vm\prims\jni.cpp, line 709]

Events (10 events):
Event: 1035.920 Executing VM operation: RevokeBias
Event: 1035.920 Executing VM operation: RevokeBias done
Event: 1035.921 Executing VM operation: RevokeBias
Event: 1035.921 Executing VM operation: RevokeBias done
Event: 1035.936 Thread 0x000000005eab3000 Thread exited: 0x000000005eab3000
Event: 1035.936 Thread 0x000000005eab7800 Thread exited: 0x000000005eab7800
Event: 1035.942 Executing VM operation: RevokeBias
Event: 1035.943 Executing VM operation: RevokeBias done
Event: 1035.943 Thread 0x000000005eab1800 Thread exited: 0x000000005eab1800
Event: 1035.943 Thread 0x000000005eaba800 Thread exited: 0x000000005eaba800


Dynamic libraries:
0x000000013fd50000 - 0x000000013fd87000 	C:\Program Files\Java\jdk1.8.0_73\bin\java.exe
0x0000000077b80000 - 0x0000000077d2a000 	C:\Windows\SYSTEM32\ntdll.dll
0x0000000077960000 - 0x0000000077a7f000 	C:\Windows\system32\kernel32.dll
0x000007fefdbe0000 - 0x000007fefdc4a000 	C:\Windows\system32\KERNELBASE.dll
0x000007feff720000 - 0x000007feff7fb000 	C:\Windows\system32\ADVAPI32.dll
0x000007fefe210000 - 0x000007fefe2af000 	C:\Windows\system32\msvcrt.dll
0x000007fefdd60000 - 0x000007fefdd7f000 	C:\Windows\SYSTEM32\sechost.dll
0x000007feff5f0000 - 0x000007feff71d000 	C:\Windows\system32\RPCRT4.dll
0x0000000077a80000 - 0x0000000077b7a000 	C:\Windows\system32\USER32.dll
0x000007fefe1a0000 - 0x000007fefe207000 	C:\Windows\system32\GDI32.dll
0x000007feffe20000 - 0x000007feffe2e000 	C:\Windows\system32\LPK.dll
0x000007fefdc70000 - 0x000007fefdd3a000 	C:\Windows\system32\USP10.dll
0x000007fefb8f0000 - 0x000007fefbae4000 	C:\Windows\WinSxS\amd64_microsoft.windows.common-controls_6595b64144ccf1df_6.0.7601.18837_none_fa3b1e3d17594757\COMCTL32.dll
0x000007fefdd80000 - 0x000007fefddf1000 	C:\Windows\system32\SHLWAPI.dll
0x000007fefd6f0000 - 0x000007fefd747000 	C:\Windows\system32\apphelp.dll
0x000007fef45c0000 - 0x000007fef4611000 	C:\Windows\AppPatch\AppPatch64\AcGenral.DLL
0x000007fefd6c0000 - 0x000007fefd6e5000 	C:\Windows\system32\SspiCli.dll
0x000007feff880000 - 0x000007feffa83000 	C:\Windows\system32\ole32.dll
0x000007fefe590000 - 0x000007feff31a000 	C:\Windows\system32\SHELL32.dll
0x00000000742b0000 - 0x00000000742b3000 	C:\Windows\system32\sfc.dll
0x000007fef7330000 - 0x000007fef7340000 	C:\Windows\system32\sfc_os.DLL
0x000007fefd8e0000 - 0x000007fefd8fe000 	C:\Windows\system32\USERENV.dll
0x000007fefd8c0000 - 0x000007fefd8cf000 	C:\Windows\system32\profapi.dll
0x000007fefab30000 - 0x000007fefab48000 	C:\Windows\system32\dwmapi.dll
0x000007fef6060000 - 0x000007fef6078000 	C:\Windows\system32\MPR.dll
0x000007fefe170000 - 0x000007fefe19e000 	C:\Windows\system32\IMM32.DLL
0x000007feffb30000 - 0x000007feffc39000 	C:\Windows\system32\MSCTF.dll
0x00000000722c0000 - 0x0000000072392000 	C:\Program Files\Java\jdk1.8.0_73\jre\bin\msvcr100.dll
0x0000000071a30000 - 0x00000000722c0000 	C:\Program Files\Java\jdk1.8.0_73\jre\bin\server\jvm.dll
0x000007fefb700000 - 0x000007fefb709000 	C:\Windows\system32\WSOCK32.dll
0x000007fefe080000 - 0x000007fefe0cd000 	C:\Windows\system32\WS2_32.dll
0x000007fefde00000 - 0x000007fefde08000 	C:\Windows\system32\NSI.dll
0x000007fefac70000 - 0x000007fefacab000 	C:\Windows\system32\WINMM.dll
0x000007fefc950000 - 0x000007fefc95c000 	C:\Windows\system32\VERSION.dll
0x0000000077d50000 - 0x0000000077d57000 	C:\Windows\system32\PSAPI.DLL
0x00000000753d0000 - 0x00000000753df000 	C:\Program Files\Java\jdk1.8.0_73\jre\bin\verify.dll
0x00000000743e0000 - 0x0000000074409000 	C:\Program Files\Java\jdk1.8.0_73\jre\bin\java.dll
0x00000000753b0000 - 0x00000000753c6000 	C:\Program Files\Java\jdk1.8.0_73\jre\bin\zip.dll
0x00000000743c0000 - 0x00000000743da000 	C:\Program Files\Java\jdk1.8.0_73\jre\bin\net.dll
0x000007fefd090000 - 0x000007fefd0e5000 	C:\Windows\system32\mswsock.dll
0x000007fefd080000 - 0x000007fefd087000 	C:\Windows\System32\wship6.dll
0x0000000074310000 - 0x0000000074321000 	C:\Program Files\Java\jdk1.8.0_73\jre\bin\nio.dll
0x000007fef2f60000 - 0x000007fef2f72000 	C:\Users\Matt Bird\.gradle\native\19\windows-amd64\native-platform.dll
0x000007fefd0f0000 - 0x000007fefd108000 	C:\Windows\system32\CRYPTSP.dll
0x000007fefcdf0000 - 0x000007fefce37000 	C:\Windows\system32\rsaenh.dll
0x000007fefd750000 - 0x000007fefd75f000 	C:\Windows\system32\CRYPTBASE.dll
0x000007fefb6d0000 - 0x000007fefb6f7000 	C:\Windows\system32\IPHLPAPI.DLL
0x000007fefb6c0000 - 0x000007fefb6cb000 	C:\Windows\system32\WINNSI.DLL
0x000007fefa170000 - 0x000007fefa188000 	C:\Windows\system32\dhcpcsvc.DLL
0x000007fefa150000 - 0x000007fefa161000 	C:\Windows\system32\dhcpcsvc6.DLL
0x0000000074300000 - 0x000000007430d000 	C:\Program Files\Java\jdk1.8.0_73\jre\bin\management.dll
0x00000000742d0000 - 0x00000000742f4000 	C:\Program Files\Java\jdk1.8.0_73\jre\bin\sunec.dll
0x00000000738f0000 - 0x00000000738fb000 	C:\Program Files\Java\jdk1.8.0_73\jre\bin\sunmscapi.dll
0x000007fefd980000 - 0x000007fefdaed000 	C:\Windows\system32\CRYPT32.dll
0x000007fefd8b0000 - 0x000007fefd8bf000 	C:\Windows\system32\MSASN1.dll
0x000007fefb710000 - 0x000007fefb835000 	C:\Windows\system32\dbghelp.dll

VM Arguments:
jvm_args: -Xmx1536m -Dfile.encoding=windows-1252 -Duser.country=NZ -Duser.language=en -Duser.variant 
java_command: org.gradle.launcher.daemon.bootstrap.GradleDaemon 2.14.1
java_class_path (initial): C:\Program Files\Android\Android Studio\gradle\gradle-2.14.1\lib\gradle-launcher-2.14.1.jar
Launcher Type: SUN_STANDARD

Environment Variables:
JAVA_HOME=C:\Program Files\Java\jdk1.8.0_91
PATH=C:\ProgramData\Oracle\Java\javapath;C:\Program Files\Common Files\Microsoft Shared\Windows Live;C:\Program Files (x86)\Common Files\Microsoft Shared\Windows Live;C:\python27_x64\;C:\python27_x64\Scripts;C:\Windows\system32;C:\Windows;C:\Windows\System32\Wbem;C:\Windows\System32\WindowsPowerShell\v1.0\;C:\Program Files\Intel\WiFi\bin\;C:\Program Files\Common Files\Intel\WirelessCommon\;C:\Program Files (x86)\Intel\OpenCL SDK\3.0\bin\x86;C:\Program Files (x86)\Intel\OpenCL SDK\3.0\bin\x64;C:\Program Files (x86)\Google\Cloud SDK\google-cloud-sdk\bin;C:\Program Files (x86)\Autodesk\Backburner\;C:\Program Files (x86)\Windows Live\Shared;C:\Program Files (x86)\Windows Kits\8.1\Windows Performance Toolkit\;C:\Program Files\nodejs\;C:\Matt\Programs\Code\AndroidSDK\platform-tools\;C:\Program Files (x86)\Skype\Phone\;C:\Program Files\Intel\WiFi\bin\;C:\Program Files\Common Files\Intel\WirelessCommon\;C:\Users\Matt Bird\AppData\Roaming\npm
USERNAME=Matt Bird
OS=Windows_NT
PROCESSOR_IDENTIFIER=Intel64 Family 6 Model 58 Stepping 9, GenuineIntel



---------------  S Y S T E M  ---------------

OS: Windows 7 , 64 bit Build 7601 (6.1.7601.23539)

CPU:total 4 (2 cores per cpu, 2 threads per core) family 6 model 58 stepping 9, cmov, cx8, fxsr, mmx, sse, sse2, sse3, ssse3, sse4.1, sse4.2, popcnt, avx, aes, clmul, erms, ht, tsc, tscinvbit, tscinv

Memory: 4k page, physical 10203112k(6127348k free), swap 13138380k(8802772k free)

vm_info: Java HotSpot(TM) 64-Bit Server VM (25.73-b02) for windows-amd64 JRE (1.8.0_73-b02), built on Jan 29 2016 17:38:49 by "java_re" with MS VC++ 10.0 (VS2010)

time: Tue Feb 07 10:30:18 2017
elapsed time: 1035 seconds (0d 0h 17m 15s)

